2021-10-06 16:34:49,566 [HINT93AuthProcessInit-015836000000] ERROR {{DEL,16}{RRN,015836000000-9364904280-015836}} com.fss.cmsauth.authprocess.HINT93AuthProcessInit.callVerification(HINT93AuthProcessInit.java:3011) - Exception in DAO Classjava.lang.NullPointerException
java.lang.NullPointerException
	at com.fss.cmsauth.dao.TokenUtility.getTransactionDetails(TokenUtility.java:158)
	at com.fss.cmsauth.dao.ISO93DeviceBindingResultAdviceDAOProcess.callSPTransaction(ISO93DeviceBindingResultAdviceDAOProcess.java:110)
	at sun.reflect.NativeMethodAccessorImpl.invoke0(Native Method)
	at sun.reflect.NativeMethodAccessorImpl.invoke(NativeMethodAccessorImpl.java:62)
	at sun.reflect.DelegatingMethodAccessorImpl.invoke(DelegatingMethodAccessorImpl.java:43)
	at java.lang.reflect.Method.invoke(Method.java:498)
	at com.fss.cmsauth.authlevels.AuthorizationLevel3.authorize(AuthorizationLevel3.java:38)
	at com.fss.cmsauth.preauthverification.AuthBusinessDelegate.invokeService(AuthBusinessDelegate.java:23)
	at com.fss.cmsauth.preauthverification.ISO93DeviceBindingResultAdviceVerification.process(ISO93DeviceBindingResultAdviceVerification.java:25)
	at sun.reflect.NativeMethodAccessorImpl.invoke0(Native Method)
	at sun.reflect.NativeMethodAccessorImpl.invoke(NativeMethodAccessorImpl.java:62)
	at sun.reflect.DelegatingMethodAccessorImpl.invoke(DelegatingMethodAccessorImpl.java:43)
	at java.lang.reflect.Method.invoke(Method.java:498)
	at com.fss.cmsauth.authprocess.HINT93AuthProcessInit.callVerification(HINT93AuthProcessInit.java:2964)
	at com.fss.cmsauth.authprocess.HINT93AuthProcessInit.isoProcess(HINT93AuthProcessInit.java:1763)
	at com.fss.mobilebank.service.HINT93FinancialMessageService.handleISORequestMessage(HINT93FinancialMessageService.java:219)
	at com.fss.mobilebank.service.HINT93FinancialMessageService.handleRequestMessage(HINT93FinancialMessageService.java:137)
	at com.fss.mobilebank.handler.iso.HINT93SocketMessageHandlerImpl.handleRequestMessage(HINT93SocketMessageHandlerImpl.java:158)
	at com.fss.mobilebank.handler.iso.HINT93SocketMessageHandlerImpl.handleMessage(HINT93SocketMessageHandlerImpl.java:141)
	at com.fss.mobilebank.handler.iso.HINT93SocketMessageHandlerImpl.run(HINT93SocketMessageHandlerImpl.java:249)
	at java.util.concurrent.ThreadPoolExecutor.runWorker(ThreadPoolExecutor.java:1149)
	at java.util.concurrent.ThreadPoolExecutor$Worker.run(ThreadPoolExecutor.java:624)
	at java.lang.Thread.run(Thread.java:748)
2021-10-06 16:34:49,569 [HINT93AuthProcessInit-015836000000] ERROR {{DEL,16}{RRN,015836000000-9364904280-015836}} com.fss.cmsauth.authprocess.HINT93AuthProcessInit.isoProcess(HINT93AuthProcessInit.java:2046) - cmsAuthExec.getResponseID():89cmsAuthExec.getMessage():Exception in DAO Classjava.lang.NullPointerException
2021-10-06 16:34:49,569 [HINT93AuthProcessInit-015836000000] ERROR {{DEL,16}{RRN,015836000000-9364904280-015836}} com.fss.cmsauth.authprocess.HINT93AuthProcessInit.isoProcess(HINT93AuthProcessInit.java:2119) - main cmsAuthExec.getResponseID()89==cmsAuthExec.getResponseID()==Exception in DAO Classjava.lang.NullPointerException
2021-10-06 16:34:49,569 [HINT93AuthProcessInit-015836000000] ERROR {{DEL,16}{RRN,015836000000-9364904280-015836}} com.fss.cmsauth.authprocess.HINT93AuthProcessInit.isoProcess(HINT93AuthProcessInit.java:2214) - Process Terminated Due to Exception :Exception in DAO Classjava.lang.NullPointerException
2021-10-06 16:34:49,570 [HINT93AuthProcessInit-015836000000] ERROR {{DEL,16}{RRN,015836000000-9364904280-015836}} com.fss.cmsauth.authprocess.HINT93AuthProcessInit.isoProcess(HINT93AuthProcessInit.java:2217) - Exception in DAO Classjava.lang.NullPointerException
java.lang.NullPointerException
	at com.fss.cmsauth.dao.TokenUtility.getTransactionDetails(TokenUtility.java:158)
	at com.fss.cmsauth.dao.ISO93DeviceBindingResultAdviceDAOProcess.callSPTransaction(ISO93DeviceBindingResultAdviceDAOProcess.java:110)
	at sun.reflect.NativeMethodAccessorImpl.invoke0(Native Method)
	at sun.reflect.NativeMethodAccessorImpl.invoke(NativeMethodAccessorImpl.java:62)
	at sun.reflect.DelegatingMethodAccessorImpl.invoke(DelegatingMethodAccessorImpl.java:43)
	at java.lang.reflect.Method.invoke(Method.java:498)
	at com.fss.cmsauth.authlevels.AuthorizationLevel3.authorize(AuthorizationLevel3.java:38)
	at com.fss.cmsauth.preauthverification.AuthBusinessDelegate.invokeService(AuthBusinessDelegate.java:23)
	at com.fss.cmsauth.preauthverification.ISO93DeviceBindingResultAdviceVerification.process(ISO93DeviceBindingResultAdviceVerification.java:25)
	at sun.reflect.NativeMethodAccessorImpl.invoke0(Native Method)
	at sun.reflect.NativeMethodAccessorImpl.invoke(NativeMethodAccessorImpl.java:62)
	at sun.reflect.DelegatingMethodAccessorImpl.invoke(DelegatingMethodAccessorImpl.java:43)
	at java.lang.reflect.Method.invoke(Method.java:498)
	at com.fss.cmsauth.authprocess.HINT93AuthProcessInit.callVerification(HINT93AuthProcessInit.java:2964)
	at com.fss.cmsauth.authprocess.HINT93AuthProcessInit.isoProcess(HINT93AuthProcessInit.java:1763)
	at com.fss.mobilebank.service.HINT93FinancialMessageService.handleISORequestMessage(HINT93FinancialMessageService.java:219)
	at com.fss.mobilebank.service.HINT93FinancialMessageService.handleRequestMessage(HINT93FinancialMessageService.java:137)
	at com.fss.mobilebank.handler.iso.HINT93SocketMessageHandlerImpl.handleRequestMessage(HINT93SocketMessageHandlerImpl.java:158)
	at com.fss.mobilebank.handler.iso.HINT93SocketMessageHandlerImpl.handleMessage(HINT93SocketMessageHandlerImpl.java:141)
	at com.fss.mobilebank.handler.iso.HINT93SocketMessageHandlerImpl.run(HINT93SocketMessageHandlerImpl.java:249)
	at java.util.concurrent.ThreadPoolExecutor.runWorker(ThreadPoolExecutor.java:1149)
	at java.util.concurrent.ThreadPoolExecutor$Worker.run(ThreadPoolExecutor.java:624)
	at java.lang.Thread.run(Thread.java:748)
2021-10-06 16:34:49,946 [pool-5-thread-1] ERROR {{DEL,16}{RRN,015836000000}} com.fss.prm.PRMServiceImpl.process(PRMServiceImpl.java:113) - Exception Occurred for SEND_PRM_FROM_HOST: null
java.lang.NullPointerException
	at com.fss.prm.PRMServiceImpl.process(PRMServiceImpl.java:109)
	at com.fss.prm.PRMServiceImpl.run(PRMServiceImpl.java:259)
	at java.util.concurrent.ThreadPoolExecutor.runWorker(ThreadPoolExecutor.java:1149)
	at java.util.concurrent.ThreadPoolExecutor$Worker.run(ThreadPoolExecutor.java:624)
	at java.lang.Thread.run(Thread.java:748)
2021-10-06 16:34:49,948 [pool-5-thread-1] ERROR {{DEL,16}{RRN,015836000000}} com.fss.prm.PRMServiceImpl.process(PRMServiceImpl.java:124) - Exception Occurred for SEND_TMS_FROM_HOST:null
java.lang.NullPointerException
	at com.fss.prm.PRMServiceImpl.process(PRMServiceImpl.java:120)
	at com.fss.prm.PRMServiceImpl.run(PRMServiceImpl.java:259)
	at java.util.concurrent.ThreadPoolExecutor.runWorker(ThreadPoolExecutor.java:1149)
	at java.util.concurrent.ThreadPoolExecutor$Worker.run(ThreadPoolExecutor.java:624)
	at java.lang.Thread.run(Thread.java:748)
